2022-07-14T12:23:23z - error - {"transactionId": "30d4981f-1cf4-40ca-8481-c441e9c5165c", "details": "Invalid amount"}
2020-07-14T12:24:24z - error - {"transactionId": "30d4981f-1cf4-40ca-8481-c441e9c5165cd", "details": "Invalid amount"}
2020-07-14T12:25:25z - error - {"transactionId": "30d4981f-1cf4-40ca-8481-c441e9c5165cd", "details": "Invalid amount"}
2020-07-14T12:26:26z - error - {"transactionId": "30d4981f-1cf4-40ca-8481-c441e9c5165cd", "details": "Invalid amount"}
2020-07-15T12:27:27z - error - {"transactionId": "30d4981f-1cf4-40ca-8481-c441e9c5165ce", "details": "Invalid amount 2"}
2020-07-15T12:28:28z - error - {"transactionId": "30d4981f-1cf4-40ca-8481-c441e9c5165ce", "details": "Invalid amount 2"}
2022-07-14T12:23:23z - debug - {"transactionId": "30d4981f-1cf4-40ca-8481-c441e9c5165c", "details": "Invalid amount"}
2020-07-14T12:24:24z - debug - {"transactionId": "30d4981f-1cf4-40ca-8481-c441e9c5165cd", "details": "Invalid amount"}
2020-07-14T12:25:25z - debug - {"transactionId": "30d4981f-1cf4-40ca-8481-c441e9c5165cd", "details": "Invalid amount"}
2020-07-14T12:26:26z - debug - {"transactionId": "30d4981f-1cf4-40ca-8481-c441e9c5165cd", "details": "Invalid amount"}
2020-07-15T12:27:27z - debug - {"transactionId": "30d4981f-1cf4-40ca-8481-c441e9c5165ce", "details": "Invalid amount 2"}
2020-07-14T12:25:25z - info - {"transactionId": "30d4981f-1cf4-40ca-8481-c441e9c5165cd", "details": "Invalid amount"}
2020-07-14T12:26:26z - info - {"transactionId": "30d4981f-1cf4-40ca-8481-c441e9c5165cd", "details": "Invalid amount"}
2020-07-15T12:27:27z - info - {"transactionId": "30d4981f-1cf4-40ca-8481-c441e9c5165ce", "details": "Invalid amount 2"}
2020-07-15T12:28:28z - info - {"transactionId": "30d4981f-1cf4-40ca-8481-c441e9c5165ce", "details": "Invalid amount 2"}
2020-07-14T12:24:24z - emergency - {"transactionId": "30d4981f-1cf4-40ca-8481-c441e9c5165cd", "details": "Invalid amount"}
2020-07-14T12:25:25z - emergency - {"transactionId": "30d4981f-1cf4-40ca-8481-c441e9c5165cd", "details": "Invalid amount"}
2020-07-14T12:26:26z - emergency - {"transactionId": "30d4981f-1cf4-40ca-8481-c441e9c5165cd", "details": "Invalid amount"}
2020-07-15T12:27:27z - emergency - {"transactionId": "30d4981f-1cf4-40ca-8481-c441e9c5165ce", "details": "Invalid amount 2"}
2020-07-15T12:28:28z - emergency - {"transactionId": "30d4981f-1cf4-40ca-8481-c441e9c5165ce", "details": "Invalid amount 2"}
